[19May2025 00:19:25.350] [Server thread/INFO] [net.minecraft.server.players.PlayerList/]: Sfog[/127.168.202.157:44521] logged in with entity id 5289 at (836.2296830432128, 80.74287166221502, 184.2321222042194)
[19May2025 00:19:25.394] [Server thread/INFO] [net.minecraft.server.MinecraftServer/]: Sfog joined the game
[19May2025 00:19:31.830] [Server thread/INFO] [voicechat/]: [voicechat] Received secret request of Sfog (18)
[19May2025 00:19:31.831] [Server thread/INFO] [voicechat/]: [voicechat] Sent secret to Sfog
[19May2025 00:20:07.375] [VoiceChatPacketProcessingThread/INFO] [voicechat/]: [voicechat] Successfully authenticated player 86ae70fb-f899-38c0-a75d-c970b6fc16e3
[19May2025 00:20:08.382] [VoiceChatPacketProcessingThread/INFO] [voicechat/]: [voicechat] Successfully validated connection of player 86ae70fb-f899-38c0-a75d-c970b6fc16e3
[19May2025 00:20:08.384] [VoiceChatPacketProcessingThread/INFO] [voicechat/]: [voicechat] Player Sfog (86ae70fb-f899-38c0-a75d-c970b6fc16e3) successfully connected to voice chat
[19May2025 00:21:57.437] [Server thread/INFO] [com.simibubi.create.Create/]: New Schematic Uploaded: Sfog/v22.nbt
[19May2025 00:36:00.668] [Server thread/INFO] [net.minecraft.server.MinecraftServer/]: [Sfog: Set the time to 1000]
[19May2025 00:46:44.486] [Server thread/INFO] [net.minecraft.server.MinecraftServer/]: [Sfog: Set the time to 1000]
[19May2025 00:59:08.955] [Server thread/INFO] [net.minecraft.server.players.PlayerList/]: Kick_Reyatgr[/127.192.126.155:45119] logged in with entity id 10245 at (801.0926321842041, 70.0, 216.1012565680321)
[19May2025 00:59:08.988] [Server thread/INFO] [net.minecraft.server.MinecraftServer/]: Kick_Reyatgr joined the game
[19May2025 00:59:09.193] [Server thread/INFO] [voicechat/]: [voicechat] Received secret request of Kick_Reyatgr (18)
[19May2025 00:59:09.194] [Server thread/INFO] [voicechat/]: [voicechat] Sent secret to Kick_Reyatgr
[19May2025 00:59:20.164] [VoiceChatPacketProcessingThread/INFO] [voicechat/]: [voicechat] Successfully authenticated player 4ac067f7-440f-3bb6-96e2-23f0ec02d025
[19May2025 00:59:21.165] [VoiceChatPacketProcessingThread/INFO] [voicechat/]: [voicechat] Successfully validated connection of player 4ac067f7-440f-3bb6-96e2-23f0ec02d025
[19May2025 00:59:21.166] [VoiceChatPacketProcessingThread/INFO] [voicechat/]: [voicechat] Player Kick_Reyatgr (4ac067f7-440f-3bb6-96e2-23f0ec02d025) successfully connected to voice chat
[19May2025 01:11:40.017] [Server thread/INFO] [net.minecraft.server.MinecraftServer/]: [Not Secure] <Sfog> esta al revés oe
[19May2025 01:11:42.599] [Server thread/INFO] [net.minecraft.server.MinecraftServer/]: [Not Secure] <Sfog> te dije
[19May2025 01:11:47.119] [Server thread/INFO] [net.minecraft.server.MinecraftServer/]: [Not Secure] <Kick_Reyatgr> xd
[19May2025 01:11:57.337] [Server thread/INFO] [net.minecraft.server.MinecraftServer/]: [Not Secure] <Sfog> tmr
[19May2025 01:12:15.027] [Server thread/INFO] [net.minecraft.server.MinecraftServer/]: [Not Secure] <Kick_Reyatgr> borralo
[19May2025 01:12:24.509] [Server thread/INFO] [net.minecraft.server.MinecraftServer/]: [Not Secure] <Kick_Reyatgr> y pega de nuevo
[19May2025 01:12:25.637] [Server thread/INFO] [net.minecraft.server.MinecraftServer/]: [Not Secure] <Sfog> tú lo borras y yo lo pongo
[19May2025 01:12:27.691] [Server thread/INFO] [net.minecraft.server.MinecraftServer/]: [Not Secure] <Sfog> go
[19May2025 01:13:20.653] [Server thread/INFO] [net.minecraft.server.MinecraftServer/]: [Not Secure] <Sfog> yo lo hago
[19May2025 01:19:59.089] [Server thread/INFO] [com.simibubi.create.Create/]: New Schematic Uploaded: Sfog/v22.nbt
[19May2025 01:21:30.979] [Server thread/INFO] [net.minecraft.server.MinecraftServer/]: [Sfog: Set the time to 1000]
[19May2025 01:29:01.939] [Server thread/INFO] [net.minecraft.server.network.ServerGamePacketListenerImpl/]: Kick_Reyatgr lost connection: Disconnected
[19May2025 01:29:01.939] [Server thread/INFO] [net.minecraft.server.MinecraftServer/]: Kick_Reyatgr left the game
[19May2025 01:29:01.939] [Server thread/INFO] [voicechat/]: [voicechat] Disconnecting client Kick_Reyatgr
[19May2025 01:32:52.187] [Server thread/INFO] [net.minecraft.server.network.ServerGamePacketListenerImpl/]: Sfog lost connection: Disconnected
[19May2025 01:32:52.187] [Server thread/INFO] [net.minecraft.server.MinecraftServer/]: Sfog left the game
[19May2025 01:32:52.188] [Server thread/INFO] [voicechat/]: [voicechat] Disconnecting client Sfog
[19May2025 01:42:25.838] [Server thread/INFO] [net.minecraft.server.network.ServerLoginPacketListenerImpl/]: com.mojang.authlib.GameProfile@2a4876f0[id=<null>,name=Kick_Reyatgr,properties={},legacy=false] (/127.192.126.155:52375) lost connection: Disconnected
[19May2025 01:42:58.283] [Server thread/INFO] [net.minecraft.server.network.ServerLoginPacketListenerImpl/]: com.mojang.authlib.GameProfile@553613ef[id=<null>,name=Kick_Reyatgr,properties={},legacy=false] (/127.192.126.155:49415) lost connection: Disconnected
[19May2025 01:43:26.994] [Server thread/INFO] [net.minecraft.server.players.PlayerList/]: Kick_Reyatgr[/127.192.126.155:43677] logged in with entity id 15005 at (745.0321918095005, 97.296812544204, 121.85341305077631)
[19May2025 01:43:27.020] [Server thread/INFO] [net.minecraft.server.MinecraftServer/]: Kick_Reyatgr joined the game
[19May2025 01:43:27.169] [Server thread/INFO] [voicechat/]: [voicechat] Received secret request of Kick_Reyatgr (18)
[19May2025 01:43:27.171] [Server thread/INFO] [voicechat/]: [voicechat] Sent secret to Kick_Reyatgr
[19May2025 01:43:37.520] [VoiceChatPacketProcessingThread/INFO] [voicechat/]: [voicechat] Successfully authenticated player 4ac067f7-440f-3bb6-96e2-23f0ec02d025
[19May2025 01:43:38.520] [VoiceChatPacketProcessingThread/INFO] [voicechat/]: [voicechat] Successfully validated connection of player 4ac067f7-440f-3bb6-96e2-23f0ec02d025
[19May2025 01:43:38.521] [VoiceChatPacketProcessingThread/INFO] [voicechat/]: [voicechat] Player Kick_Reyatgr (4ac067f7-440f-3bb6-96e2-23f0ec02d025) successfully connected to voice chat
[19May2025 03:12:14.598] [Server thread/INFO] [net.minecraft.server.players.PlayerList/]: Sfog[/127.168.202.157:57325] logged in with entity id 25734 at (793.4658048860074, 70.0, 225.6106866736294)
[19May2025 03:12:14.624] [Server thread/INFO] [net.minecraft.server.MinecraftServer/]: Sfog joined the game
[19May2025 03:12:19.794] [Server thread/INFO] [voicechat/]: [voicechat] Received secret request of Sfog (18)
[19May2025 03:12:19.794] [Server thread/INFO] [voicechat/]: [voicechat] Sent secret to Sfog
[19May2025 03:12:48.866] [VoiceChatPacketProcessingThread/INFO] [voicechat/]: [voicechat] Successfully authenticated player 86ae70fb-f899-38c0-a75d-c970b6fc16e3
[19May2025 03:12:49.870] [VoiceChatPacketProcessingThread/INFO] [voicechat/]: [voicechat] Successfully validated connection of player 86ae70fb-f899-38c0-a75d-c970b6fc16e3
[19May2025 03:12:49.870] [VoiceChatPacketProcessingThread/INFO] [voicechat/]: [voicechat] Player Sfog (86ae70fb-f899-38c0-a75d-c970b6fc16e3) successfully connected to voice chat
[19May2025 03:13:48.971] [Server thread/INFO] [net.minecraft.server.MinecraftServer/]: [Not Secure] <Sfog> DESDE CHIBOLO PARO CON GENTE DE AVANZE
[19May2025 03:16:08.313] [Server thread/INFO] [net.minecraft.server.MinecraftServer/]: [Sfog: Set the time to 1000]
[19May2025 03:17:03.972] [Server thread/INFO] [net.minecraft.server.MinecraftServer/]: [Not Secure] <Sfog> agh
[19May2025 03:17:09.031] [Server thread/INFO] [net.minecraft.server.MinecraftServer/]: [Not Secure] <Sfog> que ascho
[19May2025 03:19:44.953] [Server thread/INFO] [net.minecraft.server.MinecraftServer/]: [Not Secure] <Sfog> así queda
[19May2025 03:29:29.162] [Server thread/INFO] [net.minecraft.server.MinecraftServer/]: [Sfog: Set the time to 1000]
[19May2025 03:55:43.948] [Server thread/WARN] [net.minecraft.server.network.ServerGamePacketListenerImpl/]: Kick_Reyatgr moved too quickly! 11.8519287109375,-4.4967349624633925,7.3859405517578125
[19May2025 03:55:47.440] [Server thread/INFO] [net.minecraft.server.network.ServerGamePacketListenerImpl/]: Kick_Reyatgr lost connection: Disconnected
[19May2025 03:55:47.441] [Server thread/INFO] [net.minecraft.server.MinecraftServer/]: Kick_Reyatgr left the game
[19May2025 03:55:47.441] [Server thread/INFO] [voicechat/]: [voicechat] Disconnecting client Kick_Reyatgr
[19May2025 03:58:01.596] [Server thread/INFO] [net.minecraft.server.players.PlayerList/]: Kick_Reyatgr[/127.192.126.155:49663] logged in with entity id 31338 at (757.9865112304688, 138.21661376953125, 96.84606170654297)
[19May2025 03:58:01.621] [Server thread/INFO] [net.minecraft.server.MinecraftServer/]: Kick_Reyatgr joined the game
[19May2025 03:58:02.758] [Server thread/INFO] [voicechat/]: [voicechat] Received secret request of Kick_Reyatgr (18)
[19May2025 03:58:02.758] [Server thread/INFO] [voicechat/]: [voicechat] Sent secret to Kick_Reyatgr
[19May2025 03:58:15.730] [VoiceChatPacketProcessingThread/INFO] [voicechat/]: [voicechat] Successfully authenticated player 4ac067f7-440f-3bb6-96e2-23f0ec02d025
[19May2025 03:58:16.735] [VoiceChatPacketProcessingThread/INFO] [voicechat/]: [voicechat] Successfully validated connection of player 4ac067f7-440f-3bb6-96e2-23f0ec02d025
[19May2025 03:58:16.735] [VoiceChatPacketProcessingThread/INFO] [voicechat/]: [voicechat] Player Kick_Reyatgr (4ac067f7-440f-3bb6-96e2-23f0ec02d025) successfully connected to voice chat
[19May2025 04:02:08.622] [Server thread/INFO] [net.minecraft.server.MinecraftServer/]: [Sfog: Set the weather to clear]
[19May2025 04:02:12.868] [Server thread/INFO] [net.minecraft.server.MinecraftServer/]: [Sfog: Set the time to 1000]
[19May2025 04:05:01.568] [Server thread/INFO] [net.minecraft.server.MinecraftServer/]: [Kick_Reyatgr: Set own game mode to Survival Mode]
[19May2025 04:05:28.777] [Server thread/INFO] [net.minecraft.server.MinecraftServer/]: [Sfog: Set own game mode to Survival Mode]
[19May2025 04:06:12.237] [Server thread/INFO] [net.minecraft.server.MinecraftServer/]: Sfog was doomed to fall by Kick_Reyatgr
[19May2025 04:06:38.067] [Server thread/INFO] [net.minecraft.server.MinecraftServer/]: [Sfog: Set own game mode to Creative Mode]
[19May2025 04:06:48.236] [Server thread/INFO] [net.minecraft.server.MinecraftServer/]: [Kick_Reyatgr: Set own game mode to Creative Mode]
[19May2025 04:06:54.250] [Server thread/INFO] [net.minecraft.server.MinecraftServer/]: [Sfog: Teleported Sfog to 877.500000, 70.500000, 240.500000]
[19May2025 04:14:50.180] [Server thread/INFO] [net.minecraft.server.MinecraftServer/]: [Sfog: Set the time to 1000]
[19May2025 04:14:56.156] [Server thread/INFO] [net.minecraft.server.MinecraftServer/]: [Sfog: Set the weather to clear]
